<?xml version="1.0" encoding="UTF-8" standalone="yes"?>
<serviceInstance xmlns="http://iala-aism.org/g1128/v1.7/ServiceInstanceSchema.xsd">
    <id>urn:mrn:mcp:service:mcc:grad:instance:aton-service</id>
    <version>0.0.5</version>
    <name>GRAD AtoN Service</name>
    <status>provisional</status>
    <description>A simple service implementing an e-Navigation AtoN Service</description>
    <keywords>gla rad aton service test s-125</keywords>
    <endpoint>http://localhost:8766/api/secom</endpoint>
    <serviceTypes>Other</serviceTypes>
    <requiresAuthorization>true</requiresAuthorization>
    <statusEndpoint>https:/rnavlab.gla-rad.org/enav/aton-service/api/secom/v1/ping</statusEndpoint>
    <designsServiceSpecifications>
        <designsServiceSpecifications>
            <id>urn:mrn:iala:aton:instance</id>
            <version>0.0.1</version>
        </designsServiceSpecifications>
    </designsServiceSpecifications>
    <offersTransports>
        <offersTransport>
            <name>HTTPS</name>
            <description>The Hypertext Transfer Protocol (HTTP) secure extension</description>
            <protocol>https</protocol>
        </offersTransport>
    </offersTransports>
    <serviceDataModels>
        <serviceDataModel>
            <name>S-125 Marine Navigational Services</name>
            <modelType>S125</modelType>
        </serviceDataModel>
    </serviceDataModels>
    <serviceApiDoc>
        <apiRef>https:/rnavlab.gla-rad.org/enav/aton-service/swagger-ui.html</apiRef>
    </serviceApiDoc>
    <coversAreas>
        <coversArea>
            <name>UK and Ireland</name>
            <description>The UK and Ireland Area</description>
            <geometryAsWKT>POLYGON ((0.439453 50.680797, 1.120605 50.75731, 1.516113 51.027576, 1.966553 51.193115, 1.746826 51.289406, 1.790771 51.440313, 1.483154 51.618017, 1.252441 51.618017, 1.988525 52.22107, 2.06543 52.603048, 1.812744 52.975108, 1.087646 53.166534, 0.648193 53.232345, 0.483398 53.605544, 0.274658 53.897865, 0.153809 54.027133, 0.230713 54.207436, -0.087891 54.399748, -0.450439 54.680183, -0.966797 54.901882, -1.219482 55.478853, -1.263428 55.733296, -1.812744 55.955351, -2.098389 56.218923, -1.977539 56.340901, -2.054443 56.46856, -2.131348 56.632064, -1.812744 56.956957, -1.691895 57.124314, -1.505127 57.296854, -1.351318 57.515823, -1.472168 57.657158, -2.131348 57.938183, -2.823486 57.885657, -3.010254 57.920683, -3.284912 58.037189, -2.779541 58.257508, -2.702637 58.510914, -2.39502 58.825118, -2.076416 59.040555, -1.922607 59.389178, -1.318359 59.333189, -1.230469 59.684381, -0.758057 59.872398, -0.615234 60.146974, -0.296631 60.370429, -0.296631 60.812781, -0.505371 61.042332, -1.054688 61.037012, -1.582031 60.802064, -2.032471 60.613933, -2.296143 60.34326, -2.592773 60.125092, -2.406006 59.96051, -1.713867 59.944007, -1.724854 59.784051, -2.06543 59.551025, -2.636719 59.64554, -2.955322 59.595536, -3.493652 59.349996, -3.735352 59.204064, -4.372559 59.327585, -5.778809 59.265881, -6.28418 59.260266, -6.547852 59.136499, -7.965088 58.418977, -9.107666 57.862288, -8.569336 57.521723, -8.031006 57.515823, -7.844238 57.082546, -8.096924 56.794862, -7.624512 56.401744, -7.44873 56.090427, -6.899414 56.010666, -6.932373 55.838314, -6.536865 55.429013, -6.954346 55.509971, -7.327881 55.665193, -7.943115 55.491304, -8.4375 55.422779, -8.887939 55.116085, -9.228516 54.648413, -9.063721 54.45088, -10.05249 54.559323, -10.437012 54.322931, -10.645752 53.813626, -10.601807 53.422628, -10.140381 53.087426, -9.898682 52.855864, -10.272217 52.66972, -10.788574 52.288323, -11.052246 52.045734, -10.623779 51.481383, -9.700928 51.193115, -8.76709 51.268789, -7.932129 51.549751, -6.987305 51.923943, -6.668701 51.951037, -5.74585 51.795027, -5.800781 51.536086, -5.372314 51.481383, -5.394287 51.07592, -5.405273 50.50644, -6.119385 50.261254, -6.679688 50.106488, -6.668701 49.731581, -5.921631 49.717376, -5.438232 49.866317, -4.998779 49.79545, -4.625244 50.085344, -4.020996 50.014799, -2.93335 49.260635, -2.559814 49.224773, -2.471924 48.944151, -2.175293 48.857487, -1.878662 48.994636, -1.933594 49.317961, -2.15332 49.518076, -2.021484 49.901711, -2.427979 50.331436, -1.571045 50.415519, -1.054688 50.415519, -0.593262 50.548344, 0 50.57626, 0.373535 50.562304, 0.439453 50.680797))</geometryAsWKT>
        </coversArea>
    </coversAreas>
    <implementsServiceDesigns>
        <implementsServiceDesign>
            <id>urn:mrn:mcp:service:iala:org:aton:000</id>
            <version>0.0.0</version>
        </implementsServiceDesign>
    </implementsServiceDesigns>
    <producedBy>
        <id>urn:mrn:mcp:org:mcc:grad</id>
        <name>GRAD</name>
        <description>General Lighthouse Authorities of UK and Ireland - Research and Development Directorate</description>
        <contactInfo>Nikolaos.Vastardis@gla-rad.org</contactInfo>
        <isCommercial>false</isCommercial>
    </producedBy>
    <providedBy>
        <id>urn:mrn:mcp:org:mcc:grad</id>
        <name>GRAD</name>
        <description>General Lighthouse Authorities of UK and Ireland - Research and Development Directorate</description>
        <contactInfo>Nikolaos.Vastardis@gla-rad.org</contactInfo>
        <isCommercial>false</isCommercial>
    </providedBy>
</serviceInstance>
